quickcal-ai-main/quickcal-ai-fresh/android/capacitor-cordova-android-plugins/build/intermediates/manifest_merge_blame_file/release/processReleaseManifest/manifest-merger-blame-release-report.txt
1<?xml version="1.0" encoding="utf-8"?>
2<manifest xmlns:amazon="http://schemas.amazon.com/apk/res/android"
3    xmlns:android="http://schemas.android.com/apk/res/android"
4    package="capacitor.cordova.android.plugins" >
5
6    <uses-sdk android:minSdkVersion="23" />
7
8    <application android:usesCleartextTraffic="true" >
8-->src\main\AndroidManifest.xml:4:1-6:15
8-->src\main\AndroidManifest.xml:4:15-50
9    </application>
10
11</manifest>